2026-01-28 13:36:01,113 - INFO - 📩 Received from 972584343770@c.us: פגז
2026-01-28 13:36:04,033 - INFO - 📩 Received from 972584343770@c.us: טיל
2026-01-28 13:36:04,179 - INFO - 📩 Received from 972584343770@c.us: טיל
2026-01-28 13:36:05,514 - INFO - 📩 Received from 972584343770@c.us: אני בטרם
2026-01-28 13:36:05,660 - INFO - 📩 Received from 972584343770@c.us: אני בטרם
2026-01-28 13:36:26,084 - INFO - 📩 Received from 972542470052@c.us: הוסף יום הולדת למנחם לוי בתאריך ד תשרי
2026-01-28 13:36:26,098 - INFO - 📩 Received from 972542470052@c.us: הוסף יום הולדת למנחם לוי בתאריך ד תשרי
2026-01-28 13:36:26,329 - INFO - ✅ Sent to 972542470052@c.us: ✅ נוסף בהצלחה: birth...
2026-01-28 13:36:26,358 - INFO - ✅ Sent to 972542470052@c.us: ✅ נוסף בהצלחה: birth...
2026-01-28 13:36:27,754 - INFO - 📩 Received from 972542470052@c.us: סטטוס
2026-01-28 13:36:27,796 - INFO - 📩 Received from 972542470052@c.us: סטטוס
2026-01-28 13:36:28,002 - INFO - ✅ Sent to 972542470052@c.us: 🤖 הבוט פעיל ומחובר ד...
2026-01-28 13:36:28,021 - INFO - ✅ Sent to 972542470052@c.us: 🤖 הבוט פעיל ומחובר ד...
2026-01-28 13:36:30,989 - INFO - 📩 Received from 972542470052@c.us: סטטוס
2026-01-28 13:36:31,000 - INFO - 📩 Received from 972542470052@c.us: סטטוס
2026-01-28 13:36:31,264 - INFO - ✅ Sent to 972542470052@c.us: 🤖 הבוט פעיל ומחובר ד...
2026-01-28 13:36:31,272 - INFO - ✅ Sent to 972542470052@c.us: 🤖 הבוט פעיל ומחובר ד...
2026-01-28 13:36:32,708 - INFO - 📩 Received from 972542470052@c.us: הוסף יום הולדת למנחם לוי בתאריך ד תשרי
2026-01-28 13:36:32,723 - INFO - 📩 Received from 972542470052@c.us: הוסף יום הולדת למנחם לוי בתאריך ד תשרי
2026-01-28 13:36:32,934 - INFO - ✅ Sent to 972542470052@c.us: ✅ נוסף בהצלחה: birth...
2026-01-28 13:36:32,963 - INFO - ✅ Sent to 972542470052@c.us: ✅ נוסף בהצלחה: birth...
2026-01-28 13:36:34,383 - INFO - 📩 Received from 972542470052@c.us: עזרה
2026-01-28 13:36:34,406 - INFO - 📩 Received from 972542470052@c.us: עזרה
2026-01-28 13:36:35,821 - INFO - 📩 Received from 972542470052@c.us: בדיקה
2026-01-28 13:36:35,856 - INFO - 📩 Received from 972542470052@c.us: בדיקה
2026-01-28 13:36:37,248 - INFO - 📩 Received from 972542470052@c.us: סטטוס 2
2026-01-28 13:36:37,306 - INFO - 📩 Received from 972542470052@c.us: סטטוס 2
2026-01-28 13:36:37,474 - INFO - ✅ Sent to 972542470052@c.us: 🤖 הבוט פעיל ומחובר ד...
2026-01-28 13:36:37,521 - INFO - ✅ Sent to 972542470052@c.us: 🤖 הבוט פעיל ומחובר ד...
2026-01-28 13:36:38,933 - INFO - 📩 Received from 972542470052@c.us: יום הולדת
2026-01-28 13:36:38,988 - INFO - 📩 Received from 972542470052@c.us: יום הולדת
2026-01-28 13:36:40,375 - INFO - 📩 Received from 972542470052@c.us: הוסף יום הולדת למנחם לוי בתאריך ד תשרי
2026-01-28 13:36:40,444 - INFO - 📩 Received from 972542470052@c.us: הוסף יום הולדת למנחם לוי בתאריך ד תשרי
2026-01-28 13:36:40,595 - INFO - ✅ Sent to 972542470052@c.us: ✅ נוסף בהצלחה: birth...
2026-01-28 13:36:40,697 - INFO - ✅ Sent to 972542470052@c.us: ✅ נוסף בהצלחה: birth...
2026-01-28 13:36:42,038 - INFO - 📩 Received from 972542470052@c.us: הוסף יום הולדת לשמואל דהן 12/12
2026-01-28 13:36:42,124 - INFO - 📩 Received from 972542470052@c.us: הוסף יום הולדת לשמואל דהן 12/12
2026-01-28 13:36:42,375 - INFO - ✅ Sent to 972542470052@c.us: ✅ נוסף בהצלחה: birth...
2026-01-28 13:36:42,377 - INFO - ✅ Sent to 972542470052@c.us: ✅ נוסף בהצלחה: birth...
2026-01-28 13:36:43,834 - INFO - 📩 Received from 972542470052@c.us: סטטוס
2026-01-28 13:36:43,842 - INFO - 📩 Received from 972542470052@c.us: סטטוס
2026-01-28 13:36:44,063 - INFO - ✅ Sent to 972542470052@c.us: 🤖 הבוט פעיל ומחובר ד...
2026-01-28 13:36:44,076 - INFO - ✅ Sent to 972542470052@c.us: 🤖 הבוט פעיל ומחובר ד...
2026-01-28 13:36:45,531 - INFO - 📩 Received from 972542470052@c.us: סטטוס 3
2026-01-28 13:36:45,542 - INFO - 📩 Received from 972542470052@c.us: סטטוס 3
2026-01-28 13:36:45,791 - INFO - ✅ Sent to 972542470052@c.us: 🤖 הבוט פעיל ומחובר ד...
2026-01-28 13:36:45,813 - INFO - ✅ Sent to 972542470052@c.us: 🤖 הבוט פעיל ומחובר ד...
2026-01-28 13:36:47,260 - INFO - 📩 Received from 972542470052@c.us: סטטוס
2026-01-28 13:36:47,326 - INFO - 📩 Received from 972542470052@c.us: סטטוס
2026-01-28 13:36:47,503 - INFO - ✅ Sent to 972542470052@c.us: 🤖 הבוט פעיל ומחובר ד...
2026-01-28 13:36:47,546 - INFO - ✅ Sent to 972542470052@c.us: 🤖 הבוט פעיל ומחובר ד...
2026-01-28 13:36:48,987 - INFO - 📩 Received from 972542470052@c.us: בדיקת סטטוס
2026-01-28 13:36:49,049 - INFO - 📩 Received from 972542470052@c.us: בדיקת סטטוס
2026-01-28 13:36:49,217 - INFO - ✅ Sent to 972542470052@c.us: 🤖 הבוט פעיל ומחובר ד...
2026-01-28 13:36:49,270 - INFO - ✅ Sent to 972542470052@c.us: 🤖 הבוט פעיל ומחובר ד...
2026-01-28 13:36:50,670 - INFO - 📩 Received from 972542470052@c.us: הוספת יום הולדת
2026-01-28 13:36:50,710 - INFO - 📩 Received from 972542470052@c.us: הוספת יום הולדת
2026-01-28 13:36:52,105 - INFO - 📩 Received from 972542470052@c.us: בדיקה
2026-01-28 13:36:52,145 - INFO - 📩 Received from 972542470052@c.us: בדיקה
